<?xml version="1.0" encoding="UTF-8"?>
<!-- Generated by org.testng.reporters.JUnitXMLReporter -->
<testsuite hostname="LAPTOP-8M8NT59T" name="Test" tests="3" failures="3" timestamp="30 Dec 2020 10:13:31 GMT" time="24.716" errors="0">
  <testcase name="runScenario" time="11.774" classname="com.obs.automation.runner.APITestRunner">
    <failure type="java.lang.NullPointerException">
      <![CDATA[java.lang.NullPointerException
	at com.obs.automation.RestActions.getStatusCode(RestActions.java:180)
	at com.obs.automation.steps.AthletesSteps.response_status_code_should_match_with_expected_status_code(AthletesSteps.java:65)
	at ✽.Response status code should match with expected status code 200(file:///C:/Users/HP/workspace/obs-coding-test/src/test/resources/features/Athletes.feature:12)
]]>
    </failure>
  </testcase> <!-- runScenario -->
  <testcase name="runScenario" time="4.154" classname="com.obs.automation.runner.APITestRunner">
    <failure type="java.lang.NullPointerException">
      <![CDATA[java.lang.NullPointerException
	at com.obs.automation.RestActions.getStatusCode(RestActions.java:180)
	at com.obs.automation.steps.AthletesSteps.response_status_code_should_match_with_expected_status_code(AthletesSteps.java:65)
	at ✽.Response status code should match with expected status code 200(file:///C:/Users/HP/workspace/obs-coding-test/src/test/resources/features/Athletes.feature:20)
]]>
    </failure>
  </testcase> <!-- runScenario -->
  <testcase name="runScenario" time="4.189" classname="com.obs.automation.runner.APITestRunner">
    <failure type="java.lang.NullPointerException">
      <![CDATA[java.lang.NullPointerException
	at com.obs.automation.RestActions.getStatusCode(RestActions.java:180)
	at com.obs.automation.steps.AthletesSteps.response_status_code_should_match_with_expected_status_code(AthletesSteps.java:65)
	at ✽.Response status code should match with expected status code 200(file:///C:/Users/HP/workspace/obs-coding-test/src/test/resources/features/Athletes.feature:28)
]]>
    </failure>
  </testcase> <!-- runScenario -->
</testsuite> <!-- Test -->
