<?xml version="1.0" encoding="UTF-8"?>
<testng-results skipped="0" failed="0" total="3" passed="3">
  <reporter-output>
  </reporter-output>
  <suite name="Suite" duration-ms="8310" started-at="2021-01-04T14:07:31Z" finished-at="2021-01-04T14:07:39Z">
    <groups>
    </groups>
    <test name="Heartbeat" duration-ms="8310" started-at="2021-01-04T14:07:31Z" finished-at="2021-01-04T14:07:39Z">
      <class name="com.api.automation.testNG.HeartbeatTest">
        <test-method status="PASS" signature="setUp()[pri:0, instance:com.api.automation.testNG.HeartbeatTest@53b32d7]" name="setUp" is-config="true" duration-ms="4148" started-at="2021-01-04T19:37:31Z" finished-at="2021-01-04T19:37:35Z">
          <reporter-output>
          </reporter-output>
        </test-method> <!-- setUp -->
        <test-method status="PASS" signature="deleteHeartbeat()[pri:1, instance:com.api.automation.testNG.HeartbeatTest@53b32d7]" name="deleteHeartbeat" duration-ms="1544" started-at="2021-01-04T19:37:35Z" finished-at="2021-01-04T19:37:37Z">
          <reporter-output>
          </reporter-output>
        </test-method> <!-- deleteHeartbeat -->
        <test-method status="PASS" signature="patchHeartbeat()[pri:2, instance:com.api.automation.testNG.HeartbeatTest@53b32d7]" name="patchHeartbeat" duration-ms="1311" started-at="2021-01-04T19:37:37Z" finished-at="2021-01-04T19:37:38Z">
          <reporter-output>
          </reporter-output>
        </test-method> <!-- patchHeartbeat -->
        <test-method status="PASS" signature="getHeartbeat()[pri:4, instance:com.api.automation.testNG.HeartbeatTest@53b32d7]" name="getHeartbeat" duration-ms="1274" started-at="2021-01-04T19:37:38Z" finished-at="2021-01-04T19:37:39Z">
          <reporter-output>
          </reporter-output>
        </test-method> <!-- getHeartbeat -->
      </class> <!-- com.api.automation.testNG.HeartbeatTest -->
    </test> <!-- Heartbeat -->
  </suite> <!-- Suite -->
</testng-results>
