<?xml version="1.0" encoding="UTF-8"?>
<testng-results skipped="0" failed="0" total="3" passed="3">
  <reporter-output>
  </reporter-output>
  <suite name="Default suite" duration-ms="7072" started-at="2021-01-03T04:11:22Z" finished-at="2021-01-03T04:11:29Z">
    <groups>
    </groups>
    <test name="Default test" duration-ms="7072" started-at="2021-01-03T04:11:22Z" finished-at="2021-01-03T04:11:29Z">
      <class name="com.api.automation.testNG.ApiChallengesTest">
        <test-method status="PASS" signature="setUp()[pri:0, instance:com.api.automation.testNG.ApiChallengesTest@343f4d3d]" name="setUp" is-config="true" duration-ms="17" started-at="2021-01-03T09:41:22Z" finished-at="2021-01-03T09:41:22Z">
          <reporter-output>
          </reporter-output>
        </test-method> <!-- setUp -->
        <test-method status="PASS" signature="generateChallengerId()[pri:1, instance:com.api.automation.testNG.ApiChallengesTest@343f4d3d]" name="generateChallengerId" duration-ms="4015" started-at="2021-01-03T09:41:22Z" finished-at="2021-01-03T09:41:26Z">
          <reporter-output>
          </reporter-output>
        </test-method> <!-- generateChallengerId -->
        <test-method status="PASS" signature="postToDo()[pri:2, instance:com.api.automation.testNG.ApiChallengesTest@343f4d3d]" name="postToDo" duration-ms="1649" started-at="2021-01-03T09:41:26Z" depends-on-methods="com.api.automation.testNG.ApiChallengesTest.generateChallengerId" finished-at="2021-01-03T09:41:28Z">
          <reporter-output>
          </reporter-output>
        </test-method> <!-- postToDo -->
        <test-method status="PASS" signature="getToDosWithId()[pri:3, instance:com.api.automation.testNG.ApiChallengesTest@343f4d3d]" name="getToDosWithId" duration-ms="1351" started-at="2021-01-03T09:41:28Z" depends-on-methods="com.api.automation.testNG.ApiChallengesTest.postToDo, com.api.automation.testNG.ApiChallengesTest.generateChallengerId" finished-at="2021-01-03T09:41:29Z">
          <reporter-output>
          </reporter-output>
        </test-method> <!-- getToDosWithId -->
      </class> <!-- com.api.automation.testNG.ApiChallengesTest -->
    </test> <!-- Default test -->
  </suite> <!-- Default suite -->
</testng-results>
