<?xml version="1.0" encoding="UTF-8"?>
<!-- Generated by org.testng.reporters.JUnitXMLReporter -->
<testsuite hostname="LAPTOP-8M8NT59T" name="Default test" tests="3" failures="0" timestamp="3 Jan 2021 04:11:29 GMT" time="7.072" errors="0">
  <testcase name="generateChallengerId" time="4.015" classname="com.api.automation.testNG.ApiChallengesTest"/>
  <testcase name="postToDo" time="1.649" classname="com.api.automation.testNG.ApiChallengesTest"/>
  <testcase name="getToDosWithId" time="1.351" classname="com.api.automation.testNG.ApiChallengesTest"/>
</testsuite> <!-- Default test -->
